<?xml version="1.0" encoding="UTF-8"?>
<!-- Generated by org.testng.reporters.JUnitReportReporter -->
<testsuite hostname="LAPTOP-T931C74M" failures="0" tests="1" name="Demo.SeleniumMentoring.AmazonTest" time="7.096" errors="0" timestamp="2022-11-09T13:56:00 EST" skipped="0">
  <testcase classname="Demo.SeleniumMentoring.AmazonTest" name="f" time="7.096"/>
  <system-out/>
</testsuite> <!-- Demo.SeleniumMentoring.AmazonTest -->
